<?xml version="1.0" encoding="UTF-8"?>
<!-- Generated by org.testng.reporters.JUnitXMLReporter -->
<testsuite ignored="5" hostname="4-ME" failures="0" tests="3" name="GRP-smoke" time="0.091" errors="0" timestamp="2022-04-08T00:03:44 EDT">
  <testcase classname="testngpk.Testing2" name="test4" time="0.013"/>
  <testcase classname="testngpk.testing3" name="creteuser" time="0.007"/>
  <testcase classname="testngpk.Testing4" name="creteuser" time="0.003"/>
  <testcase classname="testngpk.Testing4" name="deleteuser" time="0.0">
    <ignored/>
  </testcase> <!-- deleteuser -->
  <testcase classname="testngpk.Testing4" name="edituser" time="0.0">
    <ignored/>
  </testcase> <!-- edituser -->
  <testcase classname="testngpk.testing3" name="edituser" time="0.0">
    <ignored/>
  </testcase> <!-- edituser -->
  <testcase classname="testngpk.testing3" name="deleteuser" time="0.0">
    <ignored/>
  </testcase> <!-- deleteuser -->
  <testcase classname="testngpk.Testing2" name="test5" time="0.0">
    <ignored/>
  </testcase> <!-- test5 -->
</testsuite> <!-- GRP-smoke -->
